<?xml version="1.0" encoding="UTF-8"?>
<testsuite name="com.drone.DemoApplicationTests" tests="1" skipped="0" failures="0" errors="0" timestamp="2016-02-13T11:43:09" hostname="MTVL122c9fba0.local" time="0.004">
  <properties/>
  <testcase name="contextLoads" classname="com.drone.DemoApplicationTests" time="0.004"/>
  <system-out><![CDATA[03:43:07.476 [Test worker] DEBUG o.s.t.c.j.SpringJUnit4ClassRunner - SpringJUnit4ClassRunner constructor called with [class com.drone.DemoApplicationTests]
03:43:07.480 [Test worker] DEBUG o.s.test.context.BootstrapUtils - Instantiating CacheAwareContextLoaderDelegate from class [org.springframework.test.context.cache.DefaultCacheAwareContextLoaderDelegate]
03:43:07.485 [Test worker] DEBUG o.s.test.context.BootstrapUtils - Instantiating BootstrapContext using constructor [public org.springframework.test.context.support.DefaultBootstrapContext(java.lang.Class,org.springframework.test.context.CacheAwareContextLoaderDelegate)]
03:43:07.495 [Test worker] DEBUG o.s.test.context.BootstrapUtils - Instantiating TestContextBootstrapper for test class [com.drone.DemoApplicationTests] from class [org.springframework.test.context.support.DefaultTestContextBootstrapper]
03:43:07.517 [Test worker] DEBUG o.s.t.c.s.DefaultTestContextBootstrapper - Found explicit ContextLoader class [org.springframework.boot.test.SpringApplicationContextLoader] for context configuration attributes [ContextConfigurationAttributes@5a0800f2 declaringClass = 'com.drone.DemoApplicationTests', classes = '{class com.drone.DemoApplication}', locations = '{}', inheritLocations = true, initializers = '{}', inheritInitializers = true, name = [null], contextLoaderClass = 'org.springframework.boot.test.SpringApplicationContextLoader']
03:43:07.525 [Test worker] DEBUG o.s.t.c.s.AbstractContextLoader - Did not detect default resource location for test class [com.drone.DemoApplicationTests]: class path resource [com/drone/DemoApplicationTests-context.xml] does not exist
03:43:07.525 [Test worker] DEBUG o.s.t.c.s.AbstractContextLoader - Did not detect default resource location for test class [com.drone.DemoApplicationTests]: class path resource [com/drone/DemoApplicationTestsContext.groovy] does not exist
03:43:07.525 [Test worker] INFO  o.s.t.c.s.AbstractContextLoader - Could not detect default resource locations for test class [com.drone.DemoApplicationTests]: no resource found for suffixes {-context.xml, Context.groovy}.
03:43:07.527 [Test worker] DEBUG o.s.t.c.support.ActiveProfilesUtils - Could not find an 'annotation declaring class' for annotation type [org.springframework.test.context.ActiveProfiles] and class [com.drone.DemoApplicationTests]
03:43:07.531 [Test worker] DEBUG o.s.t.c.s.DefaultTestContextBootstrapper - @TestExecutionListeners is not present for class [com.drone.DemoApplicationTests]: using defaults.
03:43:07.536 [Test worker] INFO  o.s.t.c.s.DefaultTestContextBootstrapper - Loaded default TestExecutionListener class names from location [META-INF/spring.factories]: [org.springframework.test.context.web.ServletTestExecutionListener, org.springframework.test.context.support.DirtiesContextBeforeModesTestExecutionListener, org.springframework.test.context.support.DependencyInjectionTestExecutionListener, org.springframework.test.context.support.DirtiesContextTestExecutionListener, org.springframework.test.context.transaction.TransactionalTestExecutionListener, org.springframework.test.context.jdbc.SqlScriptsTestExecutionListener]
03:43:07.553 [Test worker] INFO  o.s.t.c.s.DefaultTestContextBootstrapper - Using TestExecutionListeners: [org.springframework.test.context.web.ServletTestExecutionListener@409c799b, org.springframework.test.context.support.DirtiesContextBeforeModesTestExecutionListener@60f3d040, org.springframework.test.context.support.DependencyInjectionTestExecutionListener@26ed4b7a, org.springframework.test.context.support.DirtiesContextTestExecutionListener@24f64a8d, org.springframework.test.context.transaction.TransactionalTestExecutionListener@259881f0, org.springframework.test.context.jdbc.SqlScriptsTestExecutionListener@3f7ac6d8]
03:43:07.558 [Test worker] DEBUG o.s.t.annotation.ProfileValueUtils - Retrieved @ProfileValueSourceConfiguration [null] for test class [com.drone.DemoApplicationTests]
03:43:07.558 [Test worker] DEBUG o.s.t.annotation.ProfileValueUtils - Retrieved ProfileValueSource type [class org.springframework.test.annotation.SystemProfileValueSource] for class [com.drone.DemoApplicationTests]
03:43:07.559 [Test worker] DEBUG o.s.t.annotation.ProfileValueUtils - Retrieved @ProfileValueSourceConfiguration [null] for test class [com.drone.DemoApplicationTests]
03:43:07.559 [Test worker] DEBUG o.s.t.annotation.ProfileValueUtils - Retrieved ProfileValueSource type [class org.springframework.test.annotation.SystemProfileValueSource] for class [com.drone.DemoApplicationTests]
03:43:07.562 [Test worker] DEBUG o.s.t.c.s.AbstractDirtiesContextTestExecutionListener - Before test class: context [DefaultTestContext@7052fac2 testClass = DemoApplicationTests, testInstance = [null], testMethod = [null], testException = [null], mergedContextConfiguration = [MergedContextConfiguration@57cd102a testClass = DemoApplicationTests, locations = '{}', classes = '{class com.drone.DemoApplication}', contextInitializerClasses = '[]', activeProfiles = '{}', propertySourceLocations = '{}', propertySourceProperties = '{}', contextLoader = 'org.springframework.boot.test.SpringApplicationContextLoader', parent = [null]]], class annotated with @DirtiesContext [false] with mode [null].
03:43:07.563 [Test worker] DEBUG o.s.t.annotation.ProfileValueUtils - Retrieved @ProfileValueSourceConfiguration [null] for test class [com.drone.DemoApplicationTests]
03:43:07.563 [Test worker] DEBUG o.s.t.annotation.ProfileValueUtils - Retrieved ProfileValueSource type [class org.springframework.test.annotation.SystemProfileValueSource] for class [com.drone.DemoApplicationTests]
03:43:07.565 [Test worker] DEBUG o.s.t.c.s.DependencyInjectionTestExecutionListener - Performing dependency injection for test context [[DefaultTestContext@7052fac2 testClass = DemoApplicationTests, testInstance = com.drone.DemoApplicationTests@3e374059, testMethod = [null], testException = [null], mergedContextConfiguration = [MergedContextConfiguration@57cd102a testClass = DemoApplicationTests, locations = '{}', classes = '{class com.drone.DemoApplication}', contextInitializerClasses = '[]', activeProfiles = '{}', propertySourceLocations = '{}', propertySourceProperties = '{}', contextLoader = 'org.springframework.boot.test.SpringApplicationContextLoader', parent = [null]]]].
03:43:07.632 [Test worker] DEBUG o.s.core.env.StandardEnvironment - Adding [systemProperties] PropertySource with lowest search precedence
03:43:07.634 [Test worker] DEBUG o.s.core.env.StandardEnvironment - Adding [systemEnvironment] PropertySource with lowest search precedence
03:43:07.634 [Test worker] DEBUG o.s.core.env.StandardEnvironment - Initialized StandardEnvironment with PropertySources [systemProperties,systemEnvironment]
03:43:07.635 [Test worker] DEBUG o.s.core.env.StandardEnvironment - Adding [integrationTest] PropertySource with search precedence immediately lower than [systemEnvironment]

  .   ____          _            __ _ _
 /\\ / ___'_ __ _ _(_)_ __  __ _ \ \ \ \
( ( )\___ | '_ | '_| | '_ \/ _` | \ \ \ \
 \\/  ___)| |_)| | | | | || (_| |  ) ) ) )
  '  |____| .__|_| |_|_| |_\__, | / / / /
 =========|_|==============|___/=/_/_/_/
 :: Spring Boot ::        (v1.3.2.RELEASE)

2016-02-13 03:43:07.885  INFO 32997 --- [    Test worker] com.drone.DemoApplicationTests           : Starting DemoApplicationTests on MTVL122c9fba0.local with PID 32997 (/Users/mmukherjee/Documents/Projects/DroneRocksInc/build/classes/test started by mmukherjee in /Users/mmukherjee/Documents/Projects/DroneRocksInc)
2016-02-13 03:43:07.886  INFO 32997 --- [    Test worker] com.drone.DemoApplicationTests           : No active profile set, falling back to default profiles: default
2016-02-13 03:43:07.925  INFO 32997 --- [    Test worker] s.c.a.AnnotationConfigApplicationContext : Refreshing org.springframework.context.annotation.AnnotationConfigApplicationContext@4246d477: startup date [Sat Feb 13 03:43:07 PST 2016]; root of context hierarchy
2016-02-13 03:43:09.419  INFO 32997 --- [    Test worker] com.drone.DemoApplicationTests           : Started DemoApplicationTests in 1.781 seconds (JVM running for 2.593)
]]></system-out>
  <system-err><![CDATA[]]></system-err>
</testsuite>
